\BOOKMARK [1][-]{section.1}{Introduction}{}% 1
\BOOKMARK [1][-]{section.2}{System Level Design}{}% 2
\BOOKMARK [2][-]{subsection.2.1}{Top Level Schematic}{section.2}% 3
\BOOKMARK [2][-]{subsection.2.2}{Common Mode Voltage}{section.2}% 4
\BOOKMARK [2][-]{subsection.2.3}{Full Scale Voltage}{section.2}% 5
\BOOKMARK [2][-]{subsection.2.4}{Least Significant Bit Voltage}{section.2}% 6
\BOOKMARK [2][-]{subsection.2.5}{Sample and Hold Capacitors}{section.2}% 7
\BOOKMARK [2][-]{subsection.2.6}{Switches}{section.2}% 8
\BOOKMARK [2][-]{subsection.2.7}{OTA Parameters}{section.2}% 9
\BOOKMARK [1][-]{section.3}{Transistor Level OTA Design}{}% 10
\BOOKMARK [2][-]{subsection.3.1}{Gain Stage}{section.3}% 11
\BOOKMARK [2][-]{subsection.3.2}{Biasing}{section.3}% 12
\BOOKMARK [2][-]{subsection.3.3}{Component Values}{section.3}% 13
\BOOKMARK [1][-]{section.4}{Open Loop OTA Results}{}% 14
\BOOKMARK [2][-]{subsection.4.1}{Open Loop Differential Frequency Response}{section.4}% 15
\BOOKMARK [2][-]{subsection.4.2}{Open Loop Common Frequency Mode Response}{section.4}% 16
\BOOKMARK [2][-]{subsection.4.3}{Common Mode Feedback Frequency Response}{section.4}% 17
\BOOKMARK [1][-]{section.5}{Closed Loop Amplifier Results}{}% 18
\BOOKMARK [2][-]{subsection.5.1}{Nyquist Rate Sinusoidal Transient Response}{section.5}% 19
\BOOKMARK [2][-]{subsection.5.2}{Small Step Transient Response}{section.5}% 20
\BOOKMARK [2][-]{subsection.5.3}{Full Scale Step Transient Response}{section.5}% 21
\BOOKMARK [2][-]{subsection.5.4}{Sawtooth Transient Response}{section.5}% 22
\BOOKMARK [2][-]{subsection.5.5}{Effective Number of Bits}{section.5}% 23
\BOOKMARK [2][-]{subsection.5.6}{Figure of Merit}{section.5}% 24
\BOOKMARK [2][-]{subsection.5.7}{Area}{section.5}% 25
\BOOKMARK [1][-]{section.6}{Summary of Results}{}% 26
\BOOKMARK [1][-]{section.7}{Possible Improvements}{}% 27
\BOOKMARK [1][-]{section.8}{Conclusion}{}% 28
\BOOKMARK [1][-]{section.9}{Seminar Responses: Miles Sherman}{}% 29
\BOOKMARK [2][-]{subsection.9.1}{Simone Gambini: More Than Moore Systems}{section.9}% 30
\BOOKMARK [2][-]{subsection.9.2}{Adad Abidi: Armstrong's Circuits \046 The Worldwide Spread of Radio}{section.9}% 31
\BOOKMARK [2][-]{subsection.9.3}{Shanthi Pavan: Continuous-Time Delta Sigma Data Converters}{section.9}% 32
